Added Component: Designator=C1(CAPC1005X55N)
Add component (AddParameter): Name = "Arrow Part Number"; Value = "CGA2B1X7R1C104K050BC"; VariantName = "[No Variations]"
Add component (AddParameter): Name = "Arrow Price/Stock"; Value = "https://www.arrow.com/en/products/cga2b1x7r1c104k050bc/tdk?region=nac"; VariantName = "[No Variations]"
Add component (AddParameter): Name = "Datasheet Link"; Value = "https://product.tdk.com/system/files/dam/doc/product/capacitor/ceramic/mlcc/catalog/mlcc_automotive_general_en.pdf"; VariantName = "[No Variations]"
Add component (AddParameter): Name = "Height"; Value = "0.55mm"; VariantName = "[No Variations]"
Add component (AddParameter): Name = "Manufacturer_Name"; Value = "TDK"; VariantName = "[No Variations]"
Add component (AddParameter): Name = "Manufacturer_Part_Number"; Value = "CGA2B1X7R1C104K050BC"; VariantName = "[No Variations]"
Add component (AddParameter): Name = "Mouser Part Number"; Value = "810-CGA2B1X7R1C104K"; VariantName = "[No Variations]"
Add component (AddParameter): Name = "Mouser Price/Stock"; Value = "https://www.mouser.co.uk/ProductDetail/TDK/CGA2B1X7R1C104K050BC?qs=NRhsANhppD8tgIeNjgC%2Fqg%3D%3D"; VariantName = "[No Variations]"
Add component (AddParameter): Name = "Mouser Testing Part Number"; Value = ""; VariantName = "[No Variations]"
Add component (AddParameter): Name = "Mouser Testing Price/Stock"; Value = ""; VariantName = "[No Variations]"
Added Component: Designator=C2(CAPC1005X55N)
Add component (AddParameter): Name = "Arrow Part Number"; Value = "CGA2B1X7R1C104K050BC"; VariantName = "[No Variations]"
Add component (AddParameter): Name = "Arrow Price/Stock"; Value = "https://www.arrow.com/en/products/cga2b1x7r1c104k050bc/tdk?region=nac"; VariantName = "[No Variations]"
Add component (AddParameter): Name = "Datasheet Link"; Value = "https://product.tdk.com/system/files/dam/doc/product/capacitor/ceramic/mlcc/catalog/mlcc_automotive_general_en.pdf"; VariantName = "[No Variations]"
Add component (AddParameter): Name = "Height"; Value = "0.55mm"; VariantName = "[No Variations]"
Add component (AddParameter): Name = "Manufacturer_Name"; Value = "TDK"; VariantName = "[No Variations]"
Add component (AddParameter): Name = "Manufacturer_Part_Number"; Value = "CGA2B1X7R1C104K050BC"; VariantName = "[No Variations]"
Add component (AddParameter): Name = "Mouser Part Number"; Value = "810-CGA2B1X7R1C104K"; VariantName = "[No Variations]"
Add component (AddParameter): Name = "Mouser Price/Stock"; Value = "https://www.mouser.co.uk/ProductDetail/TDK/CGA2B1X7R1C104K050BC?qs=NRhsANhppD8tgIeNjgC%2Fqg%3D%3D"; VariantName = "[No Variations]"
Add component (AddParameter): Name = "Mouser Testing Part Number"; Value = ""; VariantName = "[No Variations]"
Add component (AddParameter): Name = "Mouser Testing Price/Stock"; Value = ""; VariantName = "[No Variations]"
Added Component: Designator=C3(CAPC1005X55N)
Add component (AddParameter): Name = "Arrow Part Number"; Value = "CGA2B1X7R1C104K050BC"; VariantName = "[No Variations]"
Add component (AddParameter): Name = "Arrow Price/Stock"; Value = "https://www.arrow.com/en/products/cga2b1x7r1c104k050bc/tdk?region=nac"; VariantName = "[No Variations]"
Add component (AddParameter): Name = "Datasheet Link"; Value = "https://product.tdk.com/system/files/dam/doc/product/capacitor/ceramic/mlcc/catalog/mlcc_automotive_general_en.pdf"; VariantName = "[No Variations]"
Add component (AddParameter): Name = "Height"; Value = "0.55mm"; VariantName = "[No Variations]"
Add component (AddParameter): Name = "Manufacturer_Name"; Value = "TDK"; VariantName = "[No Variations]"
Add component (AddParameter): Name = "Manufacturer_Part_Number"; Value = "CGA2B1X7R1C104K050BC"; VariantName = "[No Variations]"
Add component (AddParameter): Name = "Mouser Part Number"; Value = "810-CGA2B1X7R1C104K"; VariantName = "[No Variations]"
Add component (AddParameter): Name = "Mouser Price/Stock"; Value = "https://www.mouser.co.uk/ProductDetail/TDK/CGA2B1X7R1C104K050BC?qs=NRhsANhppD8tgIeNjgC%2Fqg%3D%3D"; VariantName = "[No Variations]"
Add component (AddParameter): Name = "Mouser Testing Part Number"; Value = ""; VariantName = "[No Variations]"
Add component (AddParameter): Name = "Mouser Testing Price/Stock"; Value = ""; VariantName = "[No Variations]"
Added Component: Designator=C4(CAPC1005X55N)
Add component (AddParameter): Name = "Arrow Part Number"; Value = "CGA2B1X7R1C104K050BC"; VariantName = "[No Variations]"
Add component (AddParameter): Name = "Arrow Price/Stock"; Value = "https://www.arrow.com/en/products/cga2b1x7r1c104k050bc/tdk?region=nac"; VariantName = "[No Variations]"
Add component (AddParameter): Name = "Datasheet Link"; Value = "https://product.tdk.com/system/files/dam/doc/product/capacitor/ceramic/mlcc/catalog/mlcc_automotive_general_en.pdf"; VariantName = "[No Variations]"
Add component (AddParameter): Name = "Height"; Value = "0.55mm"; VariantName = "[No Variations]"
Add component (AddParameter): Name = "Manufacturer_Name"; Value = "TDK"; VariantName = "[No Variations]"
Add component (AddParameter): Name = "Manufacturer_Part_Number"; Value = "CGA2B1X7R1C104K050BC"; VariantName = "[No Variations]"
Add component (AddParameter): Name = "Mouser Part Number"; Value = "810-CGA2B1X7R1C104K"; VariantName = "[No Variations]"
Add component (AddParameter): Name = "Mouser Price/Stock"; Value = "https://www.mouser.co.uk/ProductDetail/TDK/CGA2B1X7R1C104K050BC?qs=NRhsANhppD8tgIeNjgC%2Fqg%3D%3D"; VariantName = "[No Variations]"
Add component (AddParameter): Name = "Mouser Testing Part Number"; Value = ""; VariantName = "[No Variations]"
Add component (AddParameter): Name = "Mouser Testing Price/Stock"; Value = ""; VariantName = "[No Variations]"
Added Component: Designator=C5(CAPC1005X55N)
Add component (AddParameter): Name = "Arrow Part Number"; Value = "CGA2B1X7R1C104K050BC"; VariantName = "[No Variations]"
Add component (AddParameter): Name = "Arrow Price/Stock"; Value = "https://www.arrow.com/en/products/cga2b1x7r1c104k050bc/tdk?region=nac"; VariantName = "[No Variations]"
Add component (AddParameter): Name = "Datasheet Link"; Value = "https://product.tdk.com/system/files/dam/doc/product/capacitor/ceramic/mlcc/catalog/mlcc_automotive_general_en.pdf"; VariantName = "[No Variations]"
Add component (AddParameter): Name = "Height"; Value = "0.55mm"; VariantName = "[No Variations]"
Add component (AddParameter): Name = "Manufacturer_Name"; Value = "TDK"; VariantName = "[No Variations]"
Add component (AddParameter): Name = "Manufacturer_Part_Number"; Value = "CGA2B1X7R1C104K050BC"; VariantName = "[No Variations]"
Add component (AddParameter): Name = "Mouser Part Number"; Value = "810-CGA2B1X7R1C104K"; VariantName = "[No Variations]"
Add component (AddParameter): Name = "Mouser Price/Stock"; Value = "https://www.mouser.co.uk/ProductDetail/TDK/CGA2B1X7R1C104K050BC?qs=NRhsANhppD8tgIeNjgC%2Fqg%3D%3D"; VariantName = "[No Variations]"
Add component (AddParameter): Name = "Mouser Testing Part Number"; Value = ""; VariantName = "[No Variations]"
Add component (AddParameter): Name = "Mouser Testing Price/Stock"; Value = ""; VariantName = "[No Variations]"
Added Component: Designator=C6(CAPC1005X55N)
Add component (AddParameter): Name = "Arrow Part Number"; Value = "CGA2B1X7R1C104K050BC"; VariantName = "[No Variations]"
Add component (AddParameter): Name = "Arrow Price/Stock"; Value = "https://www.arrow.com/en/products/cga2b1x7r1c104k050bc/tdk?region=nac"; VariantName = "[No Variations]"
Add component (AddParameter): Name = "Datasheet Link"; Value = "https://product.tdk.com/system/files/dam/doc/product/capacitor/ceramic/mlcc/catalog/mlcc_automotive_general_en.pdf"; VariantName = "[No Variations]"
Add component (AddParameter): Name = "Height"; Value = "0.55mm"; VariantName = "[No Variations]"
Add component (AddParameter): Name = "Manufacturer_Name"; Value = "TDK"; VariantName = "[No Variations]"
Add component (AddParameter): Name = "Manufacturer_Part_Number"; Value = "CGA2B1X7R1C104K050BC"; VariantName = "[No Variations]"
Add component (AddParameter): Name = "Mouser Part Number"; Value = "810-CGA2B1X7R1C104K"; VariantName = "[No Variations]"
Add component (AddParameter): Name = "Mouser Price/Stock"; Value = "https://www.mouser.co.uk/ProductDetail/TDK/CGA2B1X7R1C104K050BC?qs=NRhsANhppD8tgIeNjgC%2Fqg%3D%3D"; VariantName = "[No Variations]"
Add component (AddParameter): Name = "Mouser Testing Part Number"; Value = ""; VariantName = "[No Variations]"
Add component (AddParameter): Name = "Mouser Testing Price/Stock"; Value = ""; VariantName = "[No Variations]"
Added Component: Designator=C7(CAPC1005X55N)
Add component (AddParameter): Name = "Arrow Part Number"; Value = "CGA2B1X7R1C104K050BC"; VariantName = "[No Variations]"
Add component (AddParameter): Name = "Arrow Price/Stock"; Value = "https://www.arrow.com/en/products/cga2b1x7r1c104k050bc/tdk?region=nac"; VariantName = "[No Variations]"
Add component (AddParameter): Name = "Datasheet Link"; Value = "https://product.tdk.com/system/files/dam/doc/product/capacitor/ceramic/mlcc/catalog/mlcc_automotive_general_en.pdf"; VariantName = "[No Variations]"
Add component (AddParameter): Name = "Height"; Value = "0.55mm"; VariantName = "[No Variations]"
Add component (AddParameter): Name = "Manufacturer_Name"; Value = "TDK"; VariantName = "[No Variations]"
Add component (AddParameter): Name = "Manufacturer_Part_Number"; Value = "CGA2B1X7R1C104K050BC"; VariantName = "[No Variations]"
Add component (AddParameter): Name = "Mouser Part Number"; Value = "810-CGA2B1X7R1C104K"; VariantName = "[No Variations]"
Add component (AddParameter): Name = "Mouser Price/Stock"; Value = "https://www.mouser.co.uk/ProductDetail/TDK/CGA2B1X7R1C104K050BC?qs=NRhsANhppD8tgIeNjgC%2Fqg%3D%3D"; VariantName = "[No Variations]"
Add component (AddParameter): Name = "Mouser Testing Part Number"; Value = ""; VariantName = "[No Variations]"
Add component (AddParameter): Name = "Mouser Testing Price/Stock"; Value = ""; VariantName = "[No Variations]"
Added Component: Designator=C8(CAPC1005X55N)
Add component (AddParameter): Name = "Arrow Part Number"; Value = "CGA2B1X7R1C104K050BC"; VariantName = "[No Variations]"
Add component (AddParameter): Name = "Arrow Price/Stock"; Value = "https://www.arrow.com/en/products/cga2b1x7r1c104k050bc/tdk?region=nac"; VariantName = "[No Variations]"
Add component (AddParameter): Name = "Datasheet Link"; Value = "https://product.tdk.com/system/files/dam/doc/product/capacitor/ceramic/mlcc/catalog/mlcc_automotive_general_en.pdf"; VariantName = "[No Variations]"
Add component (AddParameter): Name = "Height"; Value = "0.55mm"; VariantName = "[No Variations]"
Add component (AddParameter): Name = "Manufacturer_Name"; Value = "TDK"; VariantName = "[No Variations]"
Add component (AddParameter): Name = "Manufacturer_Part_Number"; Value = "CGA2B1X7R1C104K050BC"; VariantName = "[No Variations]"
Add component (AddParameter): Name = "Mouser Part Number"; Value = "810-CGA2B1X7R1C104K"; VariantName = "[No Variations]"
Add component (AddParameter): Name = "Mouser Price/Stock"; Value = "https://www.mouser.co.uk/ProductDetail/TDK/CGA2B1X7R1C104K050BC?qs=NRhsANhppD8tgIeNjgC%2Fqg%3D%3D"; VariantName = "[No Variations]"
Add component (AddParameter): Name = "Mouser Testing Part Number"; Value = ""; VariantName = "[No Variations]"
Add component (AddParameter): Name = "Mouser Testing Price/Stock"; Value = ""; VariantName = "[No Variations]"
Added Component: Designator=C9(CAPC1005X55N)
Add component (AddParameter): Name = "Arrow Part Number"; Value = "CGA2B1X7R1C104K050BC"; VariantName = "[No Variations]"
Add component (AddParameter): Name = "Arrow Price/Stock"; Value = "https://www.arrow.com/en/products/cga2b1x7r1c104k050bc/tdk?region=nac"; VariantName = "[No Variations]"
Add component (AddParameter): Name = "Datasheet Link"; Value = "https://product.tdk.com/system/files/dam/doc/product/capacitor/ceramic/mlcc/catalog/mlcc_automotive_general_en.pdf"; VariantName = "[No Variations]"
Add component (AddParameter): Name = "Height"; Value = "0.55mm"; VariantName = "[No Variations]"
Add component (AddParameter): Name = "Manufacturer_Name"; Value = "TDK"; VariantName = "[No Variations]"
Add component (AddParameter): Name = "Manufacturer_Part_Number"; Value = "CGA2B1X7R1C104K050BC"; VariantName = "[No Variations]"
Add component (AddParameter): Name = "Mouser Part Number"; Value = "810-CGA2B1X7R1C104K"; VariantName = "[No Variations]"
Add component (AddParameter): Name = "Mouser Price/Stock"; Value = "https://www.mouser.co.uk/ProductDetail/TDK/CGA2B1X7R1C104K050BC?qs=NRhsANhppD8tgIeNjgC%2Fqg%3D%3D"; VariantName = "[No Variations]"
Add component (AddParameter): Name = "Mouser Testing Part Number"; Value = ""; VariantName = "[No Variations]"
Add component (AddParameter): Name = "Mouser Testing Price/Stock"; Value = ""; VariantName = "[No Variations]"
Added Component: Designator=C10(C1005_Commercial)
Add component (AddParameter): Name = "Arrow Part Number"; Value = "C1005X6S1C105K050BC"; VariantName = "[No Variations]"
Add component (AddParameter): Name = "Arrow Price/Stock"; Value = "https://www.arrow.com/en/products/c1005x6s1c105k050bc/tdk?region=nac"; VariantName = "[No Variations]"
Add component (AddParameter): Name = "Datasheet Link"; Value = "https://product.tdk.com/system/files/dam/doc/product/capacitor/ceramic/mlcc/catalog/mlcc_commercial_general_en.pdf"; VariantName = "[No Variations]"
Add component (AddParameter): Name = "Height"; Value = "0.55mm"; VariantName = "[No Variations]"
Add component (AddParameter): Name = "Manufacturer_Name"; Value = "TDK"; VariantName = "[No Variations]"
Add component (AddParameter): Name = "Manufacturer_Part_Number"; Value = "C1005X6S1C105K050BC"; VariantName = "[No Variations]"
Add component (AddParameter): Name = "Mouser Part Number"; Value = "810-C1005X6S1C105K"; VariantName = "[No Variations]"
Add component (AddParameter): Name = "Mouser Price/Stock"; Value = "https://www.mouser.co.uk/ProductDetail/TDK/C1005X6S1C105K050BC?qs=dfay7wIA1uGWVKHpqb9RWw%3D%3D"; VariantName = "[No Variations]"
Add component (AddParameter): Name = "Mouser Testing Part Number"; Value = ""; VariantName = "[No Variations]"
Add component (AddParameter): Name = "Mouser Testing Price/Stock"; Value = ""; VariantName = "[No Variations]"
Added Component: Designator=C11(C1005_Commercial)
Add component (AddParameter): Name = "Arrow Part Number"; Value = "C1005X6S1C105K050BC"; VariantName = "[No Variations]"
Add component (AddParameter): Name = "Arrow Price/Stock"; Value = "https://www.arrow.com/en/products/c1005x6s1c105k050bc/tdk?region=nac"; VariantName = "[No Variations]"
Add component (AddParameter): Name = "Datasheet Link"; Value = "https://product.tdk.com/system/files/dam/doc/product/capacitor/ceramic/mlcc/catalog/mlcc_commercial_general_en.pdf"; VariantName = "[No Variations]"
Add component (AddParameter): Name = "Height"; Value = "0.55mm"; VariantName = "[No Variations]"
Add component (AddParameter): Name = "Manufacturer_Name"; Value = "TDK"; VariantName = "[No Variations]"
Add component (AddParameter): Name = "Manufacturer_Part_Number"; Value = "C1005X6S1C105K050BC"; VariantName = "[No Variations]"
Add component (AddParameter): Name = "Mouser Part Number"; Value = "810-C1005X6S1C105K"; VariantName = "[No Variations]"
Add component (AddParameter): Name = "Mouser Price/Stock"; Value = "https://www.mouser.co.uk/ProductDetail/TDK/C1005X6S1C105K050BC?qs=dfay7wIA1uGWVKHpqb9RWw%3D%3D"; VariantName = "[No Variations]"
Add component (AddParameter): Name = "Mouser Testing Part Number"; Value = ""; VariantName = "[No Variations]"
Add component (AddParameter): Name = "Mouser Testing Price/Stock"; Value = ""; VariantName = "[No Variations]"
Added Component: Designator=C12(CAPC1005X55N)
Add component (AddParameter): Name = "Arrow Part Number"; Value = "CGA2B1X7R1C104K050BC"; VariantName = "[No Variations]"
Add component (AddParameter): Name = "Arrow Price/Stock"; Value = "https://www.arrow.com/en/products/cga2b1x7r1c104k050bc/tdk?region=nac"; VariantName = "[No Variations]"
Add component (AddParameter): Name = "Datasheet Link"; Value = "https://product.tdk.com/system/files/dam/doc/product/capacitor/ceramic/mlcc/catalog/mlcc_automotive_general_en.pdf"; VariantName = "[No Variations]"
Add component (AddParameter): Name = "Height"; Value = "0.55mm"; VariantName = "[No Variations]"
Add component (AddParameter): Name = "Manufacturer_Name"; Value = "TDK"; VariantName = "[No Variations]"
Add component (AddParameter): Name = "Manufacturer_Part_Number"; Value = "CGA2B1X7R1C104K050BC"; VariantName = "[No Variations]"
Add component (AddParameter): Name = "Mouser Part Number"; Value = "810-CGA2B1X7R1C104K"; VariantName = "[No Variations]"
Add component (AddParameter): Name = "Mouser Price/Stock"; Value = "https://www.mouser.co.uk/ProductDetail/TDK/CGA2B1X7R1C104K050BC?qs=NRhsANhppD8tgIeNjgC%2Fqg%3D%3D"; VariantName = "[No Variations]"
Add component (AddParameter): Name = "Mouser Testing Part Number"; Value = ""; VariantName = "[No Variations]"
Add component (AddParameter): Name = "Mouser Testing Price/Stock"; Value = ""; VariantName = "[No Variations]"
Added Component: Designator=C13(CAPC1005X55N)
Add component (AddParameter): Name = "Arrow Part Number"; Value = "GJM1555C1H270FB01D"; VariantName = "[No Variations]"
Add component (AddParameter): Name = "Arrow Price/Stock"; Value = "https://www.arrow.com/en/products/gjm1555c1h270fb01d/murata-manufacturing?region=nac"; VariantName = "[No Variations]"
Add component (AddParameter): Name = "Datasheet Link"; Value = "https://psearch.en.murata.com/capacitor/product/GJM1555C1H270FB01%23.html"; VariantName = "[No Variations]"
Add component (AddParameter): Name = "Height"; Value = "0.55mm"; VariantName = "[No Variations]"
Add component (AddParameter): Name = "Manufacturer_Name"; Value = "Murata Electronics"; VariantName = "[No Variations]"
Add component (AddParameter): Name = "Manufacturer_Part_Number"; Value = "GJM1555C1H270FB01D"; VariantName = "[No Variations]"
Add component (AddParameter): Name = "Mouser Part Number"; Value = "81-GJM1555C1H270FB1D"; VariantName = "[No Variations]"
Add component (AddParameter): Name = "Mouser Price/Stock"; Value = "https://www.mouser.co.uk/ProductDetail/Murata-Electronics/GJM1555C1H270FB01D?qs=ui%252B2d9lVEI5sysymhzLg%252Bw%3D%3D"; VariantName = "[No Variations]"
Add component (AddParameter): Name = "Mouser Testing Part Number"; Value = ""; VariantName = "[No Variations]"
Add component (AddParameter): Name = "Mouser Testing Price/Stock"; Value = ""; VariantName = "[No Variations]"
Added Component: Designator=C14(CAPC1005X55N)
Add component (AddParameter): Name = "Arrow Part Number"; Value = "GJM1555C1H270FB01D"; VariantName = "[No Variations]"
Add component (AddParameter): Name = "Arrow Price/Stock"; Value = "https://www.arrow.com/en/products/gjm1555c1h270fb01d/murata-manufacturing?region=nac"; VariantName = "[No Variations]"
Add component (AddParameter): Name = "Datasheet Link"; Value = "https://psearch.en.murata.com/capacitor/product/GJM1555C1H270FB01%23.html"; VariantName = "[No Variations]"
Add component (AddParameter): Name = "Height"; Value = "0.55mm"; VariantName = "[No Variations]"
Add component (AddParameter): Name = "Manufacturer_Name"; Value = "Murata Electronics"; VariantName = "[No Variations]"
Add component (AddParameter): Name = "Manufacturer_Part_Number"; Value = "GJM1555C1H270FB01D"; VariantName = "[No Variations]"
Add component (AddParameter): Name = "Mouser Part Number"; Value = "81-GJM1555C1H270FB1D"; VariantName = "[No Variations]"
Add component (AddParameter): Name = "Mouser Price/Stock"; Value = "https://www.mouser.co.uk/ProductDetail/Murata-Electronics/GJM1555C1H270FB01D?qs=ui%252B2d9lVEI5sysymhzLg%252Bw%3D%3D"; VariantName = "[No Variations]"
Add component (AddParameter): Name = "Mouser Testing Part Number"; Value = ""; VariantName = "[No Variations]"
Add component (AddParameter): Name = "Mouser Testing Price/Stock"; Value = ""; VariantName = "[No Variations]"
Added Component: Designator=C15(CAPC1005X55N)
Add component (AddParameter): Name = "Arrow Part Number"; Value = "C0402C105K9PAC"; VariantName = "[No Variations]"
Add component (AddParameter): Name = "Arrow Price/Stock"; Value = "https://www.arrow.com/en/products/c0402c105k9pac/kemet-corporation?region=nac"; VariantName = "[No Variations]"
Add component (AddParameter): Name = "Datasheet Link"; Value = "https://content.kemet.com/datasheets/KEM_C1002_X7R_SMD.pdf"; VariantName = "[No Variations]"
Add component (AddParameter): Name = "Height"; Value = "0.55mm"; VariantName = "[No Variations]"
Add component (AddParameter): Name = "Manufacturer_Name"; Value = "KEMET"; VariantName = "[No Variations]"
Add component (AddParameter): Name = "Manufacturer_Part_Number"; Value = "C0402C105K9PAC"; VariantName = "[No Variations]"
Add component (AddParameter): Name = "Mouser Part Number"; Value = "80-C0402C105K9PAC"; VariantName = "[No Variations]"
Add component (AddParameter): Name = "Mouser Price/Stock"; Value = "https://www.mouser.co.uk/ProductDetail/KEMET/C0402C105K9PAC?qs=AHS6Mz2dKxPyNrxaU50ZkQ%3D%3D"; VariantName = "[No Variations]"
Add component (AddParameter): Name = "Mouser Testing Part Number"; Value = ""; VariantName = "[No Variations]"
Add component (AddParameter): Name = "Mouser Testing Price/Stock"; Value = ""; VariantName = "[No Variations]"
Added Component: Designator=C16(CAPC1005X55N)
Add component (AddParameter): Name = "Arrow Part Number"; Value = "C0402C105K9PAC"; VariantName = "[No Variations]"
Add component (AddParameter): Name = "Arrow Price/Stock"; Value = "https://www.arrow.com/en/products/c0402c105k9pac/kemet-corporation?region=nac"; VariantName = "[No Variations]"
Add component (AddParameter): Name = "Datasheet Link"; Value = "https://content.kemet.com/datasheets/KEM_C1002_X7R_SMD.pdf"; VariantName = "[No Variations]"
Add component (AddParameter): Name = "Height"; Value = "0.55mm"; VariantName = "[No Variations]"
Add component (AddParameter): Name = "Manufacturer_Name"; Value = "KEMET"; VariantName = "[No Variations]"
Add component (AddParameter): Name = "Manufacturer_Part_Number"; Value = "C0402C105K9PAC"; VariantName = "[No Variations]"
Add component (AddParameter): Name = "Mouser Part Number"; Value = "80-C0402C105K9PAC"; VariantName = "[No Variations]"
Add component (AddParameter): Name = "Mouser Price/Stock"; Value = "https://www.mouser.co.uk/ProductDetail/KEMET/C0402C105K9PAC?qs=AHS6Mz2dKxPyNrxaU50ZkQ%3D%3D"; VariantName = "[No Variations]"
Add component (AddParameter): Name = "Mouser Testing Part Number"; Value = ""; VariantName = "[No Variations]"
Add component (AddParameter): Name = "Mouser Testing Price/Stock"; Value = ""; VariantName = "[No Variations]"
Added Component: Designator=C17(CAPC1005X55N)
Add component (AddParameter): Name = "Arrow Part Number"; Value = "C0402C105K9PAC"; VariantName = "[No Variations]"
Add component (AddParameter): Name = "Arrow Price/Stock"; Value = "https://www.arrow.com/en/products/c0402c105k9pac/kemet-corporation?region=nac"; VariantName = "[No Variations]"
Add component (AddParameter): Name = "Datasheet Link"; Value = "https://content.kemet.com/datasheets/KEM_C1002_X7R_SMD.pdf"; VariantName = "[No Variations]"
Add component (AddParameter): Name = "Height"; Value = "0.55mm"; VariantName = "[No Variations]"
Add component (AddParameter): Name = "Manufacturer_Name"; Value = "KEMET"; VariantName = "[No Variations]"
Add component (AddParameter): Name = "Manufacturer_Part_Number"; Value = "C0402C105K9PAC"; VariantName = "[No Variations]"
Add component (AddParameter): Name = "Mouser Part Number"; Value = "80-C0402C105K9PAC"; VariantName = "[No Variations]"
Add component (AddParameter): Name = "Mouser Price/Stock"; Value = "https://www.mouser.co.uk/ProductDetail/KEMET/C0402C105K9PAC?qs=AHS6Mz2dKxPyNrxaU50ZkQ%3D%3D"; VariantName = "[No Variations]"
Add component (AddParameter): Name = "Mouser Testing Part Number"; Value = ""; VariantName = "[No Variations]"
Add component (AddParameter): Name = "Mouser Testing Price/Stock"; Value = ""; VariantName = "[No Variations]"
Added Component: Designator=C18(CAPC1005X55N)
Add component (AddParameter): Name = "Arrow Part Number"; Value = "C0402C105K9PAC"; VariantName = "[No Variations]"
Add component (AddParameter): Name = "Arrow Price/Stock"; Value = "https://www.arrow.com/en/products/c0402c105k9pac/kemet-corporation?region=nac"; VariantName = "[No Variations]"
Add component (AddParameter): Name = "Datasheet Link"; Value = "https://content.kemet.com/datasheets/KEM_C1002_X7R_SMD.pdf"; VariantName = "[No Variations]"
Add component (AddParameter): Name = "Height"; Value = "0.55mm"; VariantName = "[No Variations]"
Add component (AddParameter): Name = "Manufacturer_Name"; Value = "KEMET"; VariantName = "[No Variations]"
Add component (AddParameter): Name = "Manufacturer_Part_Number"; Value = "C0402C105K9PAC"; VariantName = "[No Variations]"
Add component (AddParameter): Name = "Mouser Part Number"; Value = "80-C0402C105K9PAC"; VariantName = "[No Variations]"
Add component (AddParameter): Name = "Mouser Price/Stock"; Value = "https://www.mouser.co.uk/ProductDetail/KEMET/C0402C105K9PAC?qs=AHS6Mz2dKxPyNrxaU50ZkQ%3D%3D"; VariantName = "[No Variations]"
Add component (AddParameter): Name = "Mouser Testing Part Number"; Value = ""; VariantName = "[No Variations]"
Add component (AddParameter): Name = "Mouser Testing Price/Stock"; Value = ""; VariantName = "[No Variations]"
Added Component: Designator=IC1(TO229P990X238-4N)
Add component (AddParameter): Name = "Arrow Part Number"; Value = "NCP1117DT33T5G"; VariantName = "[No Variations]"
Add component (AddParameter): Name = "Arrow Price/Stock"; Value = "https://www.arrow.com/en/products/ncp1117dt33t5g/on-semiconductor?region=nac"; VariantName = "[No Variations]"
Add component (AddParameter): Name = "Datasheet Link"; Value = "http://www.onsemi.com/pub/Collateral/NCP1117-D.PDF"; VariantName = "[No Variations]"
Add component (AddParameter): Name = "Height"; Value = "2.38mm"; VariantName = "[No Variations]"
Add component (AddParameter): Name = "Manufacturer_Name"; Value = "onsemi"; VariantName = "[No Variations]"
Add component (AddParameter): Name = "Manufacturer_Part_Number"; Value = "NCP1117DT33T5G"; VariantName = "[No Variations]"
Add component (AddParameter): Name = "Mouser Part Number"; Value = "863-NCP1117DT33T5G"; VariantName = "[No Variations]"
Add component (AddParameter): Name = "Mouser Price/Stock"; Value = "https://www.mouser.co.uk/ProductDetail/onsemi/NCP1117DT33T5G?qs=Gev%252BmEvV0ibY9yFNc3ZYyw%3D%3D"; VariantName = "[No Variations]"
Add component (AddParameter): Name = "Mouser Testing Part Number"; Value = ""; VariantName = "[No Variations]"
Add component (AddParameter): Name = "Mouser Testing Price/Stock"; Value = ""; VariantName = "[No Variations]"
Added Component: Designator=IC2(QFN40P700X700X90-57N-D)
Add component (AddParameter): Name = "Arrow Part Number"; Value = ""; VariantName = "[No Variations]"
Add component (AddParameter): Name = "Arrow Price/Stock"; Value = ""; VariantName = "[No Variations]"
Add component (AddParameter): Name = "Datasheet Link"; Value = "https://datasheets.raspberrypi.com/rp2040/rp2040-datasheet.pdf"; VariantName = "[No Variations]"
Add component (AddParameter): Name = "Height"; Value = "0.9mm"; VariantName = "[No Variations]"
Add component (AddParameter): Name = "Manufacturer_Name"; Value = "RASPBERRY-PI"; VariantName = "[No Variations]"
Add component (AddParameter): Name = "Manufacturer_Part_Number"; Value = "RPI Chip RP2040-10-10"; VariantName = "[No Variations]"
Add component (AddParameter): Name = "Mouser Part Number"; Value = "358-RP2040CHIP-10-10"; VariantName = "[No Variations]"
Add component (AddParameter): Name = "Mouser Price/Stock"; Value = "https://www.mouser.co.uk/ProductDetail/Raspberry-Pi/RPI-Chip-RP2040-10-10?qs=QNEnbhJQKva2vG4DZ5VuhA%3D%3D"; VariantName = "[No Variations]"
Add component (AddParameter): Name = "Mouser Testing Part Number"; Value = ""; VariantName = "[No Variations]"
Add component (AddParameter): Name = "Mouser Testing Price/Stock"; Value = ""; VariantName = "[No Variations]"
Added Component: Designator=IC3(SOIC127P790X216-8N)
Add component (AddParameter): Name = "Arrow Part Number"; Value = "W25Q128JVSIM"; VariantName = "[No Variations]"
Add component (AddParameter): Name = "Arrow Price/Stock"; Value = "https://www.arrow.com/en/products/w25q128jvsim/winbond-electronics?region=nac"; VariantName = "[No Variations]"
Add component (AddParameter): Name = "Datasheet Link"; Value = "https://www.winbond.com/hq/search-resource-file.jsp?partNo=W25Q128JVSIM&type=datasheet"; VariantName = "[No Variations]"
Add component (AddParameter): Name = "Height"; Value = "2.16mm"; VariantName = "[No Variations]"
Add component (AddParameter): Name = "Manufacturer_Name"; Value = "Winbond"; VariantName = "[No Variations]"
Add component (AddParameter): Name = "Manufacturer_Part_Number"; Value = "W25Q128JVSIM"; VariantName = "[No Variations]"
Add component (AddParameter): Name = "Mouser Part Number"; Value = "454-W25Q128JVSIM"; VariantName = "[No Variations]"
Add component (AddParameter): Name = "Mouser Price/Stock"; Value = "https://www.mouser.co.uk/ProductDetail/Winbond/W25Q128JVSIM?qs=qSfuJ%252Bfl%2Fd6d7A5WLggp6w%3D%3D"; VariantName = "[No Variations]"
Add component (AddParameter): Name = "Mouser Testing Part Number"; Value = ""; VariantName = "[No Variations]"
Add component (AddParameter): Name = "Mouser Testing Price/Stock"; Value = ""; VariantName = "[No Variations]"
Added Component: Designator=J1(21745072)
Add component (AddParameter): Name = "Arrow Part Number"; Value = "2174507-2"; VariantName = "[No Variations]"
Add component (AddParameter): Name = "Arrow Price/Stock"; Value = "https://www.arrow.com/en/products/2174507-2/te-connectivity?region=nac"; VariantName = "[No Variations]"
Add component (AddParameter): Name = "Datasheet Link"; Value = "https://componentsearchengine.com/Datasheets/1/2174507-2.pdf"; VariantName = "[No Variations]"
Add component (AddParameter): Name = "Height"; Value = "2.86mm"; VariantName = "[No Variations]"
Add component (AddParameter): Name = "Manufacturer_Name"; Value = "TE Connectivity"; VariantName = "[No Variations]"
Add component (AddParameter): Name = "Manufacturer_Part_Number"; Value = "2174507-2"; VariantName = "[No Variations]"
Add component (AddParameter): Name = "Mouser Part Number"; Value = "571-2174507-2"; VariantName = "[No Variations]"
Add component (AddParameter): Name = "Mouser Price/Stock"; Value = "https://www.mouser.co.uk/ProductDetail/TE-Connectivity/2174507-2?qs=kAqyOuzYGe%252BUWCFD1qNBLQ%3D%3D"; VariantName = "[No Variations]"
Add component (AddParameter): Name = "Mouser Testing Part Number"; Value = ""; VariantName = "[No Variations]"
Add component (AddParameter): Name = "Mouser Testing Price/Stock"; Value = ""; VariantName = "[No Variations]"
Add Component: Footprint Not Found HUSRSP4W64P254_1016X254X854P
Added Component: Designator=R1(ERA3A_(0603))
Add component (AddParameter): Name = "Arrow Part Number"; Value = ""; VariantName = "[No Variations]"
Add component (AddParameter): Name = "Arrow Price/Stock"; Value = ""; VariantName = "[No Variations]"
Add component (AddParameter): Name = "Datasheet Link"; Value = "http://industrial.panasonic.com/cdbs/www-data/pdf/RDM0000/AOA0000C307.pdf"; VariantName = "[No Variations]"
Add component (AddParameter): Name = "Height"; Value = "0.5mm"; VariantName = "[No Variations]"
Add component (AddParameter): Name = "Manufacturer_Name"; Value = "Panasonic"; VariantName = "[No Variations]"
Add component (AddParameter): Name = "Manufacturer_Part_Number"; Value = "ERA3AHD27R4V"; VariantName = "[No Variations]"
Add component (AddParameter): Name = "Mouser Part Number"; Value = ""; VariantName = "[No Variations]"
Add component (AddParameter): Name = "Mouser Price/Stock"; Value = ""; VariantName = "[No Variations]"
Add component (AddParameter): Name = "Mouser Testing Part Number"; Value = ""; VariantName = "[No Variations]"
Add component (AddParameter): Name = "Mouser Testing Price/Stock"; Value = ""; VariantName = "[No Variations]"
Added Component: Designator=R2(ERA3A_(0603))
Add component (AddParameter): Name = "Arrow Part Number"; Value = ""; VariantName = "[No Variations]"
Add component (AddParameter): Name = "Arrow Price/Stock"; Value = ""; VariantName = "[No Variations]"
Add component (AddParameter): Name = "Datasheet Link"; Value = "http://industrial.panasonic.com/cdbs/www-data/pdf/RDM0000/AOA0000C307.pdf"; VariantName = "[No Variations]"
Add component (AddParameter): Name = "Height"; Value = "0.5mm"; VariantName = "[No Variations]"
Add component (AddParameter): Name = "Manufacturer_Name"; Value = "Panasonic"; VariantName = "[No Variations]"
Add component (AddParameter): Name = "Manufacturer_Part_Number"; Value = "ERA3AHD27R4V"; VariantName = "[No Variations]"
Add component (AddParameter): Name = "Mouser Part Number"; Value = ""; VariantName = "[No Variations]"
Add component (AddParameter): Name = "Mouser Price/Stock"; Value = ""; VariantName = "[No Variations]"
Add component (AddParameter): Name = "Mouser Testing Part Number"; Value = ""; VariantName = "[No Variations]"
Add component (AddParameter): Name = "Mouser Testing Price/Stock"; Value = ""; VariantName = "[No Variations]"
Added Component: Designator=R3(ERJ3EK_(0603))
Add component (AddParameter): Name = "Arrow Part Number"; Value = "ERJ-3EKF1001V"; VariantName = "[No Variations]"
Add component (AddParameter): Name = "Arrow Price/Stock"; Value = "https://www.arrow.com/en/products/erj-3ekf1001v/panasonic?region=nac"; VariantName = "[No Variations]"
Add component (AddParameter): Name = "Datasheet Link"; Value = "https://industrial.panasonic.com/cdbs/www-data/pdf/RDA0000/AOA0000C304.pdf"; VariantName = "[No Variations]"
Add component (AddParameter): Name = "Height"; Value = "0.55mm"; VariantName = "[No Variations]"
Add component (AddParameter): Name = "Manufacturer_Name"; Value = "Panasonic"; VariantName = "[No Variations]"
Add component (AddParameter): Name = "Manufacturer_Part_Number"; Value = "ERJ-3EKF1001V"; VariantName = "[No Variations]"
Add component (AddParameter): Name = "Mouser Part Number"; Value = "667-ERJ-3EKF1001V"; VariantName = "[No Variations]"
Add component (AddParameter): Name = "Mouser Price/Stock"; Value = "https://www.mouser.co.uk/ProductDetail/Panasonic/ERJ-3EKF1001V?qs=H7k1u0Mp9JTM8yQxOuvoDg%3D%3D"; VariantName = "[No Variations]"
Add component (AddParameter): Name = "Mouser Testing Part Number"; Value = ""; VariantName = "[No Variations]"
Add component (AddParameter): Name = "Mouser Testing Price/Stock"; Value = ""; VariantName = "[No Variations]"
Added Component: Designator=R4(ERJ3EK_(0603))
Add component (AddParameter): Name = "Arrow Part Number"; Value = "ERJ-3EKF1001V"; VariantName = "[No Variations]"
Add component (AddParameter): Name = "Arrow Price/Stock"; Value = "https://www.arrow.com/en/products/erj-3ekf1001v/panasonic?region=nac"; VariantName = "[No Variations]"
Add component (AddParameter): Name = "Datasheet Link"; Value = "https://industrial.panasonic.com/cdbs/www-data/pdf/RDA0000/AOA0000C304.pdf"; VariantName = "[No Variations]"
Add component (AddParameter): Name = "Height"; Value = "0.55mm"; VariantName = "[No Variations]"
Add component (AddParameter): Name = "Manufacturer_Name"; Value = "Panasonic"; VariantName = "[No Variations]"
Add component (AddParameter): Name = "Manufacturer_Part_Number"; Value = "ERJ-3EKF1001V"; VariantName = "[No Variations]"
Add component (AddParameter): Name = "Mouser Part Number"; Value = "667-ERJ-3EKF1001V"; VariantName = "[No Variations]"
Add component (AddParameter): Name = "Mouser Price/Stock"; Value = "https://www.mouser.co.uk/ProductDetail/Panasonic/ERJ-3EKF1001V?qs=H7k1u0Mp9JTM8yQxOuvoDg%3D%3D"; VariantName = "[No Variations]"
Add component (AddParameter): Name = "Mouser Testing Part Number"; Value = ""; VariantName = "[No Variations]"
Add component (AddParameter): Name = "Mouser Testing Price/Stock"; Value = ""; VariantName = "[No Variations]"
Added Component: Designator=R5(P0915NFC15BR10K)
Add component (AddParameter): Name = "Arrow Part Number"; Value = "P0915N-FC15BR10K"; VariantName = "[No Variations]"
Add component (AddParameter): Name = "Arrow Price/Stock"; Value = "https://www.arrow.com/en/products/p0915n-fc15br10k/bi-technologies?region=nac"; VariantName = "[No Variations]"
Add component (AddParameter): Name = "Datasheet Link"; Value = "https://datasheet.datasheetarchive.com/originals/distributors/Datasheets_SAMA/b6f9aacdbf7d1767bdcee7cb40d23820.pdf"; VariantName = "[No Variations]"
Add component (AddParameter): Name = "Height"; Value = "11mm"; VariantName = "[No Variations]"
Add component (AddParameter): Name = "Manufacturer_Name"; Value = "TT Electronics"; VariantName = "[No Variations]"
Add component (AddParameter): Name = "Manufacturer_Part_Number"; Value = "P0915N-FC15BR10K"; VariantName = "[No Variations]"
Add component (AddParameter): Name = "Mouser Part Number"; Value = "858-P0915N-FC15BR10K"; VariantName = "[No Variations]"
Add component (AddParameter): Name = "Mouser Price/Stock"; Value = "https://www.mouser.com/Search/Refine.aspx?Keyword=858-P0915N-FC15BR10K"; VariantName = "[No Variations]"
Add component (AddParameter): Name = "Mouser Testing Part Number"; Value = ""; VariantName = "[No Variations]"
Add component (AddParameter): Name = "Mouser Testing Price/Stock"; Value = ""; VariantName = "[No Variations]"
Added Component: Designator=R6(P0915NFC15BR10K)
Add component (AddParameter): Name = "Arrow Part Number"; Value = "P0915N-FC15BR10K"; VariantName = "[No Variations]"
Add component (AddParameter): Name = "Arrow Price/Stock"; Value = "https://www.arrow.com/en/products/p0915n-fc15br10k/bi-technologies?region=nac"; VariantName = "[No Variations]"
Add component (AddParameter): Name = "Datasheet Link"; Value = "https://datasheet.datasheetarchive.com/originals/distributors/Datasheets_SAMA/b6f9aacdbf7d1767bdcee7cb40d23820.pdf"; VariantName = "[No Variations]"
Add component (AddParameter): Name = "Height"; Value = "11mm"; VariantName = "[No Variations]"
Add component (AddParameter): Name = "Manufacturer_Name"; Value = "TT Electronics"; VariantName = "[No Variations]"
Add component (AddParameter): Name = "Manufacturer_Part_Number"; Value = "P0915N-FC15BR10K"; VariantName = "[No Variations]"
Add component (AddParameter): Name = "Mouser Part Number"; Value = "858-P0915N-FC15BR10K"; VariantName = "[No Variations]"
Add component (AddParameter): Name = "Mouser Price/Stock"; Value = "https://www.mouser.com/Search/Refine.aspx?Keyword=858-P0915N-FC15BR10K"; VariantName = "[No Variations]"
Add component (AddParameter): Name = "Mouser Testing Part Number"; Value = ""; VariantName = "[No Variations]"
Add component (AddParameter): Name = "Mouser Testing Price/Stock"; Value = ""; VariantName = "[No Variations]"
Added Component: Designator=R7(P0915NFC15BR10K)
Add component (AddParameter): Name = "Arrow Part Number"; Value = "P0915N-FC15BR10K"; VariantName = "[No Variations]"
Add component (AddParameter): Name = "Arrow Price/Stock"; Value = "https://www.arrow.com/en/products/p0915n-fc15br10k/bi-technologies?region=nac"; VariantName = "[No Variations]"
Add component (AddParameter): Name = "Datasheet Link"; Value = "https://datasheet.datasheetarchive.com/originals/distributors/Datasheets_SAMA/b6f9aacdbf7d1767bdcee7cb40d23820.pdf"; VariantName = "[No Variations]"
Add component (AddParameter): Name = "Height"; Value = "11mm"; VariantName = "[No Variations]"
Add component (AddParameter): Name = "Manufacturer_Name"; Value = "TT Electronics"; VariantName = "[No Variations]"
Add component (AddParameter): Name = "Manufacturer_Part_Number"; Value = "P0915N-FC15BR10K"; VariantName = "[No Variations]"
Add component (AddParameter): Name = "Mouser Part Number"; Value = "858-P0915N-FC15BR10K"; VariantName = "[No Variations]"
Add component (AddParameter): Name = "Mouser Price/Stock"; Value = "https://www.mouser.com/Search/Refine.aspx?Keyword=858-P0915N-FC15BR10K"; VariantName = "[No Variations]"
Add component (AddParameter): Name = "Mouser Testing Part Number"; Value = ""; VariantName = "[No Variations]"
Add component (AddParameter): Name = "Mouser Testing Price/Stock"; Value = ""; VariantName = "[No Variations]"
Added Component: Designator=R8(ERJ3EK_(0603))
Add component (AddParameter): Name = "Arrow Part Number"; Value = "ERJ-3EKF1001V"; VariantName = "[No Variations]"
Add component (AddParameter): Name = "Arrow Price/Stock"; Value = "https://www.arrow.com/en/products/erj-3ekf1001v/panasonic?region=nac"; VariantName = "[No Variations]"
Add component (AddParameter): Name = "Datasheet Link"; Value = "https://industrial.panasonic.com/cdbs/www-data/pdf/RDA0000/AOA0000C304.pdf"; VariantName = "[No Variations]"
Add component (AddParameter): Name = "Height"; Value = "0.55mm"; VariantName = "[No Variations]"
Add component (AddParameter): Name = "Manufacturer_Name"; Value = "Panasonic"; VariantName = "[No Variations]"
Add component (AddParameter): Name = "Manufacturer_Part_Number"; Value = "ERJ-3EKF1001V"; VariantName = "[No Variations]"
Add component (AddParameter): Name = "Mouser Part Number"; Value = "667-ERJ-3EKF1001V"; VariantName = "[No Variations]"
Add component (AddParameter): Name = "Mouser Price/Stock"; Value = "https://www.mouser.co.uk/ProductDetail/Panasonic/ERJ-3EKF1001V?qs=H7k1u0Mp9JTM8yQxOuvoDg%3D%3D"; VariantName = "[No Variations]"
Add component (AddParameter): Name = "Mouser Testing Part Number"; Value = ""; VariantName = "[No Variations]"
Add component (AddParameter): Name = "Mouser Testing Price/Stock"; Value = ""; VariantName = "[No Variations]"
Added Component: Designator=R9(ERJ3EK_(0603))
Add component (AddParameter): Name = "Arrow Part Number"; Value = "ERJ-3EKF1001V"; VariantName = "[No Variations]"
Add component (AddParameter): Name = "Arrow Price/Stock"; Value = "https://www.arrow.com/en/products/erj-3ekf1001v/panasonic?region=nac"; VariantName = "[No Variations]"
Add component (AddParameter): Name = "Datasheet Link"; Value = "https://industrial.panasonic.com/cdbs/www-data/pdf/RDA0000/AOA0000C304.pdf"; VariantName = "[No Variations]"
Add component (AddParameter): Name = "Height"; Value = "0.55mm"; VariantName = "[No Variations]"
Add component (AddParameter): Name = "Manufacturer_Name"; Value = "Panasonic"; VariantName = "[No Variations]"
Add component (AddParameter): Name = "Manufacturer_Part_Number"; Value = "ERJ-3EKF1001V"; VariantName = "[No Variations]"
Add component (AddParameter): Name = "Mouser Part Number"; Value = "667-ERJ-3EKF1001V"; VariantName = "[No Variations]"
Add component (AddParameter): Name = "Mouser Price/Stock"; Value = "https://www.mouser.co.uk/ProductDetail/Panasonic/ERJ-3EKF1001V?qs=H7k1u0Mp9JTM8yQxOuvoDg%3D%3D"; VariantName = "[No Variations]"
Add component (AddParameter): Name = "Mouser Testing Part Number"; Value = ""; VariantName = "[No Variations]"
Add component (AddParameter): Name = "Mouser Testing Price/Stock"; Value = ""; VariantName = "[No Variations]"
Added Component: Designator=R10(ERJ3EK_(0603))
Add component (AddParameter): Name = "Arrow Part Number"; Value = "ERJ-3EKF1001V"; VariantName = "[No Variations]"
Add component (AddParameter): Name = "Arrow Price/Stock"; Value = "https://www.arrow.com/en/products/erj-3ekf1001v/panasonic?region=nac"; VariantName = "[No Variations]"
Add component (AddParameter): Name = "Datasheet Link"; Value = "https://industrial.panasonic.com/cdbs/www-data/pdf/RDA0000/AOA0000C304.pdf"; VariantName = "[No Variations]"
Add component (AddParameter): Name = "Height"; Value = "0.55mm"; VariantName = "[No Variations]"
Add component (AddParameter): Name = "Manufacturer_Name"; Value = "Panasonic"; VariantName = "[No Variations]"
Add component (AddParameter): Name = "Manufacturer_Part_Number"; Value = "ERJ-3EKF1001V"; VariantName = "[No Variations]"
Add component (AddParameter): Name = "Mouser Part Number"; Value = "667-ERJ-3EKF1001V"; VariantName = "[No Variations]"
Add component (AddParameter): Name = "Mouser Price/Stock"; Value = "https://www.mouser.co.uk/ProductDetail/Panasonic/ERJ-3EKF1001V?qs=H7k1u0Mp9JTM8yQxOuvoDg%3D%3D"; VariantName = "[No Variations]"
Add component (AddParameter): Name = "Mouser Testing Part Number"; Value = ""; VariantName = "[No Variations]"
Add component (AddParameter): Name = "Mouser Testing Price/Stock"; Value = ""; VariantName = "[No Variations]"
Added Component: Designator=R11(ERJ3EK_(0603))
Add component (AddParameter): Name = "Arrow Part Number"; Value = "ERJ-3EKF1001V"; VariantName = "[No Variations]"
Add component (AddParameter): Name = "Arrow Price/Stock"; Value = "https://www.arrow.com/en/products/erj-3ekf1001v/panasonic?region=nac"; VariantName = "[No Variations]"
Add component (AddParameter): Name = "Datasheet Link"; Value = "https://industrial.panasonic.com/cdbs/www-data/pdf/RDA0000/AOA0000C304.pdf"; VariantName = "[No Variations]"
Add component (AddParameter): Name = "Height"; Value = "0.55mm"; VariantName = "[No Variations]"
Add component (AddParameter): Name = "Manufacturer_Name"; Value = "Panasonic"; VariantName = "[No Variations]"
Add component (AddParameter): Name = "Manufacturer_Part_Number"; Value = "ERJ-3EKF1001V"; VariantName = "[No Variations]"
Add component (AddParameter): Name = "Mouser Part Number"; Value = "667-ERJ-3EKF1001V"; VariantName = "[No Variations]"
Add component (AddParameter): Name = "Mouser Price/Stock"; Value = "https://www.mouser.co.uk/ProductDetail/Panasonic/ERJ-3EKF1001V?qs=H7k1u0Mp9JTM8yQxOuvoDg%3D%3D"; VariantName = "[No Variations]"
Add component (AddParameter): Name = "Mouser Testing Part Number"; Value = ""; VariantName = "[No Variations]"
Add component (AddParameter): Name = "Mouser Testing Price/Stock"; Value = ""; VariantName = "[No Variations]"
Added Component: Designator=R12(ERJ3EK_(0603))
Add component (AddParameter): Name = "Arrow Part Number"; Value = "ERJ-3EKF1001V"; VariantName = "[No Variations]"
Add component (AddParameter): Name = "Arrow Price/Stock"; Value = "https://www.arrow.com/en/products/erj-3ekf1001v/panasonic?region=nac"; VariantName = "[No Variations]"
Add component (AddParameter): Name = "Datasheet Link"; Value = "https://industrial.panasonic.com/cdbs/www-data/pdf/RDA0000/AOA0000C304.pdf"; VariantName = "[No Variations]"
Add component (AddParameter): Name = "Height"; Value = "0.55mm"; VariantName = "[No Variations]"
Add component (AddParameter): Name = "Manufacturer_Name"; Value = "Panasonic"; VariantName = "[No Variations]"
Add component (AddParameter): Name = "Manufacturer_Part_Number"; Value = "ERJ-3EKF1001V"; VariantName = "[No Variations]"
Add component (AddParameter): Name = "Mouser Part Number"; Value = "667-ERJ-3EKF1001V"; VariantName = "[No Variations]"
Add component (AddParameter): Name = "Mouser Price/Stock"; Value = "https://www.mouser.co.uk/ProductDetail/Panasonic/ERJ-3EKF1001V?qs=H7k1u0Mp9JTM8yQxOuvoDg%3D%3D"; VariantName = "[No Variations]"
Add component (AddParameter): Name = "Mouser Testing Part Number"; Value = ""; VariantName = "[No Variations]"
Add component (AddParameter): Name = "Mouser Testing Price/Stock"; Value = ""; VariantName = "[No Variations]"
Added Component: Designator=R13(ERJ3EK_(0603))
Add component (AddParameter): Name = "Arrow Part Number"; Value = "ERJ-3EKF1001V"; VariantName = "[No Variations]"
Add component (AddParameter): Name = "Arrow Price/Stock"; Value = "https://www.arrow.com/en/products/erj-3ekf1001v/panasonic?region=nac"; VariantName = "[No Variations]"
Add component (AddParameter): Name = "Datasheet Link"; Value = "https://industrial.panasonic.com/cdbs/www-data/pdf/RDA0000/AOA0000C304.pdf"; VariantName = "[No Variations]"
Add component (AddParameter): Name = "Height"; Value = "0.55mm"; VariantName = "[No Variations]"
Add component (AddParameter): Name = "Manufacturer_Name"; Value = "Panasonic"; VariantName = "[No Variations]"
Add component (AddParameter): Name = "Manufacturer_Part_Number"; Value = "ERJ-3EKF1001V"; VariantName = "[No Variations]"
Add component (AddParameter): Name = "Mouser Part Number"; Value = "667-ERJ-3EKF1001V"; VariantName = "[No Variations]"
Add component (AddParameter): Name = "Mouser Price/Stock"; Value = "https://www.mouser.co.uk/ProductDetail/Panasonic/ERJ-3EKF1001V?qs=H7k1u0Mp9JTM8yQxOuvoDg%3D%3D"; VariantName = "[No Variations]"
Add component (AddParameter): Name = "Mouser Testing Part Number"; Value = ""; VariantName = "[No Variations]"
Add component (AddParameter): Name = "Mouser Testing Price/Stock"; Value = ""; VariantName = "[No Variations]"
Added Component: Designator=R14(ERJ3EK_(0603))
Add component (AddParameter): Name = "Arrow Part Number"; Value = "ERJ-3EKF1001V"; VariantName = "[No Variations]"
Add component (AddParameter): Name = "Arrow Price/Stock"; Value = "https://www.arrow.com/en/products/erj-3ekf1001v/panasonic?region=nac"; VariantName = "[No Variations]"
Add component (AddParameter): Name = "Datasheet Link"; Value = "https://industrial.panasonic.com/cdbs/www-data/pdf/RDA0000/AOA0000C304.pdf"; VariantName = "[No Variations]"
Add component (AddParameter): Name = "Height"; Value = "0.55mm"; VariantName = "[No Variations]"
Add component (AddParameter): Name = "Manufacturer_Name"; Value = "Panasonic"; VariantName = "[No Variations]"
Add component (AddParameter): Name = "Manufacturer_Part_Number"; Value = "ERJ-3EKF1001V"; VariantName = "[No Variations]"
Add component (AddParameter): Name = "Mouser Part Number"; Value = "667-ERJ-3EKF1001V"; VariantName = "[No Variations]"
Add component (AddParameter): Name = "Mouser Price/Stock"; Value = "https://www.mouser.co.uk/ProductDetail/Panasonic/ERJ-3EKF1001V?qs=H7k1u0Mp9JTM8yQxOuvoDg%3D%3D"; VariantName = "[No Variations]"
Add component (AddParameter): Name = "Mouser Testing Part Number"; Value = ""; VariantName = "[No Variations]"
Add component (AddParameter): Name = "Mouser Testing Price/Stock"; Value = ""; VariantName = "[No Variations]"
Added Component: Designator=R15(ERJ3EK_(0603))
Add component (AddParameter): Name = "Arrow Part Number"; Value = "ERJ-3EKF1001V"; VariantName = "[No Variations]"
Add component (AddParameter): Name = "Arrow Price/Stock"; Value = "https://www.arrow.com/en/products/erj-3ekf1001v/panasonic?region=nac"; VariantName = "[No Variations]"
Add component (AddParameter): Name = "Datasheet Link"; Value = "https://industrial.panasonic.com/cdbs/www-data/pdf/RDA0000/AOA0000C304.pdf"; VariantName = "[No Variations]"
Add component (AddParameter): Name = "Height"; Value = "0.55mm"; VariantName = "[No Variations]"
Add component (AddParameter): Name = "Manufacturer_Name"; Value = "Panasonic"; VariantName = "[No Variations]"
Add component (AddParameter): Name = "Manufacturer_Part_Number"; Value = "ERJ-3EKF1001V"; VariantName = "[No Variations]"
Add component (AddParameter): Name = "Mouser Part Number"; Value = "667-ERJ-3EKF1001V"; VariantName = "[No Variations]"
Add component (AddParameter): Name = "Mouser Price/Stock"; Value = "https://www.mouser.co.uk/ProductDetail/Panasonic/ERJ-3EKF1001V?qs=H7k1u0Mp9JTM8yQxOuvoDg%3D%3D"; VariantName = "[No Variations]"
Add component (AddParameter): Name = "Mouser Testing Part Number"; Value = ""; VariantName = "[No Variations]"
Add component (AddParameter): Name = "Mouser Testing Price/Stock"; Value = ""; VariantName = "[No Variations]"
Added Component: Designator=R16(ERJ3EK_(0603))
Add component (AddParameter): Name = "Arrow Part Number"; Value = "ERJ-3EKF1001V"; VariantName = "[No Variations]"
Add component (AddParameter): Name = "Arrow Price/Stock"; Value = "https://www.arrow.com/en/products/erj-3ekf1001v/panasonic?region=nac"; VariantName = "[No Variations]"
Add component (AddParameter): Name = "Datasheet Link"; Value = "https://industrial.panasonic.com/cdbs/www-data/pdf/RDA0000/AOA0000C304.pdf"; VariantName = "[No Variations]"
Add component (AddParameter): Name = "Height"; Value = "0.55mm"; VariantName = "[No Variations]"
Add component (AddParameter): Name = "Manufacturer_Name"; Value = "Panasonic"; VariantName = "[No Variations]"
Add component (AddParameter): Name = "Manufacturer_Part_Number"; Value = "ERJ-3EKF1001V"; VariantName = "[No Variations]"
Add component (AddParameter): Name = "Mouser Part Number"; Value = "667-ERJ-3EKF1001V"; VariantName = "[No Variations]"
Add component (AddParameter): Name = "Mouser Price/Stock"; Value = "https://www.mouser.co.uk/ProductDetail/Panasonic/ERJ-3EKF1001V?qs=H7k1u0Mp9JTM8yQxOuvoDg%3D%3D"; VariantName = "[No Variations]"
Add component (AddParameter): Name = "Mouser Testing Part Number"; Value = ""; VariantName = "[No Variations]"
Add component (AddParameter): Name = "Mouser Testing Price/Stock"; Value = ""; VariantName = "[No Variations]"
Added Component: Designator=S1(430172043816)
Add component (AddParameter): Name = "Arrow Part Number"; Value = ""; VariantName = "[No Variations]"
Add component (AddParameter): Name = "Arrow Price/Stock"; Value = ""; VariantName = "[No Variations]"
Add component (AddParameter): Name = "Datasheet Link"; Value = "https://www.we-online.com/catalog/datasheet/430172043816.pdf"; VariantName = "[No Variations]"
Add component (AddParameter): Name = "Height"; Value = "4.3mm"; VariantName = "[No Variations]"
Add component (AddParameter): Name = "Manufacturer_Name"; Value = "Wurth Elektronik"; VariantName = "[No Variations]"
Add component (AddParameter): Name = "Manufacturer_Part_Number"; Value = "430172043816"; VariantName = "[No Variations]"
Add component (AddParameter): Name = "Mouser Part Number"; Value = "710-430172043816"; VariantName = "[No Variations]"
Add component (AddParameter): Name = "Mouser Price/Stock"; Value = "https://www.mouser.co.uk/ProductDetail/Wurth-Elektronik/430172043816?qs=sPbYRqrBIVkS9EzfxGfqQA%3D%3D"; VariantName = "[No Variations]"
Add component (AddParameter): Name = "Mouser Testing Part Number"; Value = ""; VariantName = "[No Variations]"
Add component (AddParameter): Name = "Mouser Testing Price/Stock"; Value = ""; VariantName = "[No Variations]"
Added Component: Designator=S2(430172043816)
Add component (AddParameter): Name = "Arrow Part Number"; Value = ""; VariantName = "[No Variations]"
Add component (AddParameter): Name = "Arrow Price/Stock"; Value = ""; VariantName = "[No Variations]"
Add component (AddParameter): Name = "Datasheet Link"; Value = "https://www.we-online.com/catalog/datasheet/430172043816.pdf"; VariantName = "[No Variations]"
Add component (AddParameter): Name = "Height"; Value = "4.3mm"; VariantName = "[No Variations]"
Add component (AddParameter): Name = "Manufacturer_Name"; Value = "Wurth Elektronik"; VariantName = "[No Variations]"
Add component (AddParameter): Name = "Manufacturer_Part_Number"; Value = "430172043816"; VariantName = "[No Variations]"
Add component (AddParameter): Name = "Mouser Part Number"; Value = "710-430172043816"; VariantName = "[No Variations]"
Add component (AddParameter): Name = "Mouser Price/Stock"; Value = "https://www.mouser.co.uk/ProductDetail/Wurth-Elektronik/430172043816?qs=sPbYRqrBIVkS9EzfxGfqQA%3D%3D"; VariantName = "[No Variations]"
Add component (AddParameter): Name = "Mouser Testing Part Number"; Value = ""; VariantName = "[No Variations]"
Add component (AddParameter): Name = "Mouser Testing Price/Stock"; Value = ""; VariantName = "[No Variations]"
Added Component: Designator=S3(430172043816)
Add component (AddParameter): Name = "Arrow Part Number"; Value = ""; VariantName = "[No Variations]"
Add component (AddParameter): Name = "Arrow Price/Stock"; Value = ""; VariantName = "[No Variations]"
Add component (AddParameter): Name = "Datasheet Link"; Value = "https://www.we-online.com/catalog/datasheet/430172043816.pdf"; VariantName = "[No Variations]"
Add component (AddParameter): Name = "Height"; Value = "4.3mm"; VariantName = "[No Variations]"
Add component (AddParameter): Name = "Manufacturer_Name"; Value = "Wurth Elektronik"; VariantName = "[No Variations]"
Add component (AddParameter): Name = "Manufacturer_Part_Number"; Value = "430172043816"; VariantName = "[No Variations]"
Add component (AddParameter): Name = "Mouser Part Number"; Value = "710-430172043816"; VariantName = "[No Variations]"
Add component (AddParameter): Name = "Mouser Price/Stock"; Value = "https://www.mouser.co.uk/ProductDetail/Wurth-Elektronik/430172043816?qs=sPbYRqrBIVkS9EzfxGfqQA%3D%3D"; VariantName = "[No Variations]"
Add component (AddParameter): Name = "Mouser Testing Part Number"; Value = ""; VariantName = "[No Variations]"
Add component (AddParameter): Name = "Mouser Testing Price/Stock"; Value = ""; VariantName = "[No Variations]"
Add Component: Footprint Not Found P0915NFC15BR10K
Added Component: Designator=S5(430172043816)
Add component (AddParameter): Name = "Arrow Part Number"; Value = ""; VariantName = "[No Variations]"
Add component (AddParameter): Name = "Arrow Price/Stock"; Value = ""; VariantName = "[No Variations]"
Add component (AddParameter): Name = "Datasheet Link"; Value = "https://www.we-online.com/catalog/datasheet/430172043816.pdf"; VariantName = "[No Variations]"
Add component (AddParameter): Name = "Height"; Value = "4.3mm"; VariantName = "[No Variations]"
Add component (AddParameter): Name = "Manufacturer_Name"; Value = "Wurth Elektronik"; VariantName = "[No Variations]"
Add component (AddParameter): Name = "Manufacturer_Part_Number"; Value = "430172043816"; VariantName = "[No Variations]"
Add component (AddParameter): Name = "Mouser Part Number"; Value = "710-430172043816"; VariantName = "[No Variations]"
Add component (AddParameter): Name = "Mouser Price/Stock"; Value = "https://www.mouser.co.uk/ProductDetail/Wurth-Elektronik/430172043816?qs=sPbYRqrBIVkS9EzfxGfqQA%3D%3D"; VariantName = "[No Variations]"
Add component (AddParameter): Name = "Mouser Testing Part Number"; Value = ""; VariantName = "[No Variations]"
Add component (AddParameter): Name = "Mouser Testing Price/Stock"; Value = ""; VariantName = "[No Variations]"
Added Component: Designator=X1(HC/49US-(AT49)_1)
Add component (AddParameter): Name = "Arrow Part Number"; Value = "ABLS-12.000MHZ-B4-T"; VariantName = "[No Variations]"
Add component (AddParameter): Name = "Arrow Price/Stock"; Value = "https://www.arrow.com/en/products/abls-12.000mhz-b4-t/abracon?region=nac"; VariantName = "[No Variations]"
Add component (AddParameter): Name = "Datasheet Link"; Value = "https://componentsearchengine.com/Datasheets/2/ABLS-12.000MHZ-B4-T.pdf"; VariantName = "[No Variations]"
Add component (AddParameter): Name = "Manufacturer_Name"; Value = "ABRACON"; VariantName = "[No Variations]"
Add component (AddParameter): Name = "Manufacturer_Part_Number"; Value = "ABLS-12.000MHZ-B4-T"; VariantName = "[No Variations]"
Add component (AddParameter): Name = "Mouser Part Number"; Value = "815-ABLS-12.0M-T"; VariantName = "[No Variations]"
Add component (AddParameter): Name = "Mouser Price/Stock"; Value = "https://www.mouser.co.uk/ProductDetail/ABRACON/ABLS-12.000MHZ-B4-T?qs=yTU0IcKoRlGSQ8ooxPPVnQ%3D%3D"; VariantName = "[No Variations]"
Add component (AddParameter): Name = "Mouser Testing Part Number"; Value = ""; VariantName = "[No Variations]"
Add component (AddParameter): Name = "Mouser Testing Price/Stock"; Value = ""; VariantName = "[No Variations]"
Added Pin To Net: NetName=1V1 Pin=C1-2
Added Pin To Net: NetName=1V1 Pin=C2-2
Added Pin To Net: NetName=1V1 Pin=C10-2
Added Pin To Net: NetName=1V1 Pin=IC2-23
Added Pin To Net: NetName=1V1 Pin=IC2-45
Added Pin To Net: NetName=1V1 Pin=IC2-50
Added Net: Name=1V1
Added Pin To Net: NetName=3V3 Pin=C3-2
Added Pin To Net: NetName=3V3 Pin=C4-2
Added Pin To Net: NetName=3V3 Pin=C5-2
Added Pin To Net: NetName=3V3 Pin=C6-2
Added Pin To Net: NetName=3V3 Pin=C7-2
Added Pin To Net: NetName=3V3 Pin=C8-2
Added Pin To Net: NetName=3V3 Pin=C9-2
Added Pin To Net: NetName=3V3 Pin=C11-2
Added Pin To Net: NetName=3V3 Pin=C12-1
Added Pin To Net: NetName=3V3 Pin=IC1-2
Added Pin To Net: NetName=3V3 Pin=IC1-2
Added Pin To Net: NetName=3V3 Pin=IC2-1
Added Pin To Net: NetName=3V3 Pin=IC2-10
Added Pin To Net: NetName=3V3 Pin=IC2-22
Added Pin To Net: NetName=3V3 Pin=IC2-33
Added Pin To Net: NetName=3V3 Pin=IC2-42
Added Pin To Net: NetName=3V3 Pin=IC2-43
Added Pin To Net: NetName=3V3 Pin=IC2-44
Added Pin To Net: NetName=3V3 Pin=IC2-48
Added Pin To Net: NetName=3V3 Pin=IC2-49
Added Pin To Net: NetName=3V3 Pin=IC3-8
Added Pin To Net: NetName=3V3 Pin=R3-2
Added Pin To Net: NetName=3V3 Pin=R5-3
Added Pin To Net: NetName=3V3 Pin=R6-3
Added Pin To Net: NetName=3V3 Pin=R7-3
Added Pin To Net: NetName=3V3 Pin=R10-2
Added Pin To Net: NetName=3V3 Pin=R12-2
Added Pin To Net: NetName=3V3 Pin=R13-2
Added Pin To Net: NetName=3V3 Pin=R16-2
Added Net: Name=3V3
Added Pin To Net: NetName=5V Pin=IC1-3
Added Pin To Net: NetName=5V Pin=J1-1
Added Net: Name=5V
Added Pin To Net: NetName=B1 Pin=C16-1
Added Pin To Net: NetName=B1 Pin=IC2-2
Added Pin To Net: NetName=B1 Pin=R9-2
Added Net: Name=B1
Added Pin To Net: NetName=B2 Pin=C15-1
Added Pin To Net: NetName=B2 Pin=IC2-3
Added Pin To Net: NetName=B2 Pin=R11-2
Added Net: Name=B2
Added Pin To Net: NetName=B3 Pin=C17-1
Added Pin To Net: NetName=B3 Pin=IC2-4
Added Pin To Net: NetName=B3 Pin=R14-2
Added Net: Name=B3
Added Pin To Net: NetName=GND Pin=C1-1
Added Pin To Net: NetName=GND Pin=C2-1
Added Pin To Net: NetName=GND Pin=C3-1
Added Pin To Net: NetName=GND Pin=C4-1
Added Pin To Net: NetName=GND Pin=C5-1
Added Pin To Net: NetName=GND Pin=C6-1
Added Pin To Net: NetName=GND Pin=C7-1
Added Pin To Net: NetName=GND Pin=C8-1
Added Pin To Net: NetName=GND Pin=C9-1
Added Pin To Net: NetName=GND Pin=C10-1
Added Pin To Net: NetName=GND Pin=C11-1
Added Pin To Net: NetName=GND Pin=C12-2
Added Pin To Net: NetName=GND Pin=C13-1
Added Pin To Net: NetName=GND Pin=C14-1
Added Pin To Net: NetName=GND Pin=C15-2
Added Pin To Net: NetName=GND Pin=C16-2
Added Pin To Net: NetName=GND Pin=C17-2
Added Pin To Net: NetName=GND Pin=C18-2
Added Pin To Net: NetName=GND Pin=IC1-1
Added Pin To Net: NetName=GND Pin=IC2-19
Added Pin To Net: NetName=GND Pin=IC2-57
Added Pin To Net: NetName=GND Pin=IC3-4
Added Pin To Net: NetName=GND Pin=J1-5
Added Pin To Net: NetName=GND Pin=J1-MP1
Added Pin To Net: NetName=GND Pin=J1-MP1
Added Pin To Net: NetName=GND Pin=J1-MP1
Added Pin To Net: NetName=GND Pin=J1-MP1
Added Pin To Net: NetName=GND Pin=J1-MP1
Added Pin To Net: NetName=GND Pin=J1-MP1
Added Pin To Net: NetName=GND Pin=R5-1
Added Pin To Net: NetName=GND Pin=R6-1
Added Pin To Net: NetName=GND Pin=R7-1
Added Pin To Net: NetName=GND Pin=S1-3
Added Pin To Net: NetName=GND Pin=S1-4
Added Pin To Net: NetName=GND Pin=S2-3
Added Pin To Net: NetName=GND Pin=S2-4
Added Pin To Net: NetName=GND Pin=S3-3
Added Pin To Net: NetName=GND Pin=S3-4
Added Pin To Net: NetName=GND Pin=S5-3
Added Pin To Net: NetName=GND Pin=S5-4
Added Net: Name=GND
Added Pin To Net: NetName=NetC14_2 Pin=C14-2
Added Pin To Net: NetName=NetC14_2 Pin=R8-1
Added Pin To Net: NetName=NetC14_2 Pin=X1-1
Added Net: Name=NetC14_2
Added Pin To Net: NetName=NetIC2_46 Pin=IC2-46
Added Pin To Net: NetName=NetIC2_46 Pin=R2-1
Added Net: Name=NetIC2_46
Added Pin To Net: NetName=NetIC2_47 Pin=IC2-47
Added Pin To Net: NetName=NetIC2_47 Pin=R1-1
Added Net: Name=NetIC2_47
Added Pin To Net: NetName=NetJ2_2 Pin=R4-1
Added Net: Name=NetJ2_2
Added Pin To Net: NetName=NetR9_1 Pin=R9-1
Added Pin To Net: NetName=NetR9_1 Pin=R10-1
Added Pin To Net: NetName=NetR9_1 Pin=S1-1
Added Pin To Net: NetName=NetR9_1 Pin=S1-2
Added Net: Name=NetR9_1
Added Pin To Net: NetName=NetR11_1 Pin=R11-1
Added Pin To Net: NetName=NetR11_1 Pin=R12-1
Added Pin To Net: NetName=NetR11_1 Pin=S2-1
Added Pin To Net: NetName=NetR11_1 Pin=S2-2
Added Net: Name=NetR11_1
Added Pin To Net: NetName=NetR13_1 Pin=R13-1
Added Pin To Net: NetName=NetR13_1 Pin=R14-1
Added Pin To Net: NetName=NetR13_1 Pin=S3-1
Added Pin To Net: NetName=NetR13_1 Pin=S3-2
Added Net: Name=NetR13_1
Added Pin To Net: NetName=NetR15_1 Pin=R15-1
Added Pin To Net: NetName=NetR15_1 Pin=R16-1
Added Pin To Net: NetName=NetR15_1 Pin=S5-1
Added Pin To Net: NetName=NetR15_1 Pin=S5-2
Added Net: Name=NetR15_1
Added Pin To Net: NetName=Pot1 Pin=IC2-38
Added Pin To Net: NetName=Pot1 Pin=R5-2
Added Pin To Net: NetName=Pot1 Pin=R5-2
Added Pin To Net: NetName=Pot1 Pin=R5-2
Added Net: Name=Pot1
Added Pin To Net: NetName=Pot2 Pin=IC2-39
Added Pin To Net: NetName=Pot2 Pin=R6-2
Added Pin To Net: NetName=Pot2 Pin=R6-2
Added Pin To Net: NetName=Pot2 Pin=R6-2
Added Net: Name=Pot2
Added Pin To Net: NetName=Pot3 Pin=IC2-40
Added Pin To Net: NetName=Pot3 Pin=R7-2
Added Pin To Net: NetName=Pot3 Pin=R7-2
Added Pin To Net: NetName=Pot3 Pin=R7-2
Added Net: Name=Pot3
Added Pin To Net: NetName=QSPI_CLK Pin=IC2-52
Added Pin To Net: NetName=QSPI_CLK Pin=IC3-6
Added Net: Name=QSPI_CLK
Added Pin To Net: NetName=QSPI_SD0 Pin=IC2-53
Added Pin To Net: NetName=QSPI_SD0 Pin=IC3-5
Added Net: Name=QSPI_SD0
Added Pin To Net: NetName=QSPI_SD1 Pin=IC2-55
Added Pin To Net: NetName=QSPI_SD1 Pin=IC3-2
Added Net: Name=QSPI_SD1
Added Pin To Net: NetName=QSPI_SD2 Pin=IC2-54
Added Pin To Net: NetName=QSPI_SD2 Pin=IC3-3
Added Net: Name=QSPI_SD2
Added Pin To Net: NetName=QSPI_SD3 Pin=IC2-51
Added Pin To Net: NetName=QSPI_SD3 Pin=IC3-7
Added Net: Name=QSPI_SD3
Added Pin To Net: NetName=QSPI_SS Pin=IC2-56
Added Pin To Net: NetName=QSPI_SS Pin=IC3-1
Added Pin To Net: NetName=QSPI_SS Pin=R3-1
Added Pin To Net: NetName=QSPI_SS Pin=R4-2
Added Net: Name=QSPI_SS
Added Pin To Net: NetName=RUN Pin=C18-1
Added Pin To Net: NetName=RUN Pin=IC2-26
Added Pin To Net: NetName=RUN Pin=R15-2
Added Net: Name=RUN
Added Pin To Net: NetName=SWCLK Pin=IC2-24
Added Net: Name=SWCLK
Added Pin To Net: NetName=SWDIO Pin=IC2-25
Added Net: Name=SWDIO
Added Pin To Net: NetName=USB_D+ Pin=J1-3
Added Pin To Net: NetName=USB_D+ Pin=R1-2
Added Net: Name=USB_D+
Added Pin To Net: NetName=USB_D- Pin=J1-2
Added Pin To Net: NetName=USB_D- Pin=R2-2
Added Net: Name=USB_D-
Added Pin To Net: NetName=XIN Pin=C13-2
Added Pin To Net: NetName=XIN Pin=IC2-20
Added Net: Name=XIN
Added Pin To Net: NetName=XOUT Pin=IC2-21
Added Pin To Net: NetName=XOUT Pin=R8-2
Added Net: Name=XOUT
Added Class: Name=Sheet1
