Added Component: Designator=C17(C2012_Commercial)
Add component (AddParameter): Name = "Arrow Part Number"; Value = "C2012X6S1C106K125AC"; VariantName = "[No Variations]"
Add component (AddParameter): Name = "Arrow Price/Stock"; Value = "https://www.arrow.com/en/products/c2012x6s1c106k125ac/tdk"; VariantName = "[No Variations]"
Add component (AddParameter): Name = "Datasheet Link"; Value = "https://product.tdk.com/system/files/dam/doc/product/capacitor/ceramic/mlcc/catalog/mlcc_commercial_general_en.pdf"; VariantName = "[No Variations]"
Add component (AddParameter): Name = "Height"; Value = "0.75mm"; VariantName = "[No Variations]"
Add component (AddParameter): Name = "Manufacturer_Name"; Value = "TDK"; VariantName = "[No Variations]"
Add component (AddParameter): Name = "Manufacturer_Part_Number"; Value = "C2012X6S1C106K125AC"; VariantName = "[No Variations]"
Add component (AddParameter): Name = "Mouser Part Number"; Value = "810-C2012X6S1C106K1C"; VariantName = "[No Variations]"
Add component (AddParameter): Name = "Mouser Price/Stock"; Value = "https://www.mouser.co.uk/ProductDetail/TDK/C2012X6S1C106K125AC?qs=QN15moyvde8Kow3LarSCcA%3D%3D"; VariantName = "[No Variations]"
Add component (AddParameter): Name = "Mouser Testing Part Number"; Value = ""; VariantName = "[No Variations]"
Add component (AddParameter): Name = "Mouser Testing Price/Stock"; Value = ""; VariantName = "[No Variations]"
Added Component: Designator=C18(C2012_Commercial)
Add component (AddParameter): Name = "Arrow Part Number"; Value = "C2012X6S1C106K125AC"; VariantName = "[No Variations]"
Add component (AddParameter): Name = "Arrow Price/Stock"; Value = "https://www.arrow.com/en/products/c2012x6s1c106k125ac/tdk"; VariantName = "[No Variations]"
Add component (AddParameter): Name = "Datasheet Link"; Value = "https://product.tdk.com/system/files/dam/doc/product/capacitor/ceramic/mlcc/catalog/mlcc_commercial_general_en.pdf"; VariantName = "[No Variations]"
Add component (AddParameter): Name = "Height"; Value = "0.75mm"; VariantName = "[No Variations]"
Add component (AddParameter): Name = "Manufacturer_Name"; Value = "TDK"; VariantName = "[No Variations]"
Add component (AddParameter): Name = "Manufacturer_Part_Number"; Value = "C2012X6S1C106K125AC"; VariantName = "[No Variations]"
Add component (AddParameter): Name = "Mouser Part Number"; Value = "810-C2012X6S1C106K1C"; VariantName = "[No Variations]"
Add component (AddParameter): Name = "Mouser Price/Stock"; Value = "https://www.mouser.co.uk/ProductDetail/TDK/C2012X6S1C106K125AC?qs=QN15moyvde8Kow3LarSCcA%3D%3D"; VariantName = "[No Variations]"
Add component (AddParameter): Name = "Mouser Testing Part Number"; Value = ""; VariantName = "[No Variations]"
Add component (AddParameter): Name = "Mouser Testing Price/Stock"; Value = ""; VariantName = "[No Variations]"
Added Component: Designator=IC2(QFN40P700X700X90-57N-D RP2040 Liu special)
Add component (AddParameter): Name = "Arrow Part Number"; Value = ""; VariantName = "[No Variations]"
Add component (AddParameter): Name = "Arrow Price/Stock"; Value = ""; VariantName = "[No Variations]"
Add component (AddParameter): Name = "Datasheet Link"; Value = "https://datasheets.raspberrypi.com/rp2040/rp2040-datasheet.pdf"; VariantName = "[No Variations]"
Add component (AddParameter): Name = "Height"; Value = "0.9mm"; VariantName = "[No Variations]"
Add component (AddParameter): Name = "Manufacturer_Name"; Value = "RASPBERRY-PI"; VariantName = "[No Variations]"
Add component (AddParameter): Name = "Manufacturer_Part_Number"; Value = "RPI Chip RP2040-10-10"; VariantName = "[No Variations]"
Add component (AddParameter): Name = "Mouser Part Number"; Value = "358-RP2040CHIP-10-10"; VariantName = "[No Variations]"
Add component (AddParameter): Name = "Mouser Price/Stock"; Value = "https://www.mouser.co.uk/ProductDetail/Raspberry-Pi/RPI-Chip-RP2040-10-10?qs=QNEnbhJQKva2vG4DZ5VuhA%3D%3D"; VariantName = "[No Variations]"
Add component (AddParameter): Name = "Mouser Testing Part Number"; Value = ""; VariantName = "[No Variations]"
Add component (AddParameter): Name = "Mouser Testing Price/Stock"; Value = ""; VariantName = "[No Variations]"
Added Pin To Net: NetName=GND Pin=C17-1
Added Pin To Net: NetName=5V Pin=C17-2
Added Pin To Net: NetName=GND Pin=C18-1
Added Pin To Net: NetName=3V3 Pin=C18-2
Added Pin To Net: NetName=3V3 Pin=IC2-1
Added Pin To Net: NetName=3V3 Pin=IC2-10
Added Pin To Net: NetName=GND Pin=IC2-19
Added Pin To Net: NetName=XIN Pin=IC2-20
Added Pin To Net: NetName=XOUT Pin=IC2-21
Added Pin To Net: NetName=3V3 Pin=IC2-22
Added Pin To Net: NetName=1V1 Pin=IC2-23
Added Pin To Net: NetName=SWCLK Pin=IC2-24
Added Pin To Net: NetName=SWDIO Pin=IC2-25
Added Pin To Net: NetName=RUN Pin=IC2-26
Added Pin To Net: NetName=B1 Pin=IC2-31
Added Pin To Net: NetName=3V3 Pin=IC2-33
Added Pin To Net: NetName=B2 Pin=IC2-34
Added Pin To Net: NetName=B3 Pin=IC2-36
Added Pin To Net: NetName=Pot1 Pin=IC2-38
Added Pin To Net: NetName=Pot2 Pin=IC2-39
Added Pin To Net: NetName=Pot3 Pin=IC2-40
Added Pin To Net: NetName=Pot4 Pin=IC2-41
Added Pin To Net: NetName=3V3 Pin=IC2-42
Added Pin To Net: NetName=3V3 Pin=IC2-43
Added Pin To Net: NetName=3V3 Pin=IC2-44
Added Pin To Net: NetName=1V1 Pin=IC2-45
Added Pin To Net: NetName=USB_D_RP_N Pin=IC2-46
Added Pin To Net: NetName=USB_D_RP_P Pin=IC2-47
Added Pin To Net: NetName=3V3 Pin=IC2-48
Added Pin To Net: NetName=3V3 Pin=IC2-49
Added Pin To Net: NetName=1V1 Pin=IC2-50
Added Pin To Net: NetName=QSPI_SD3 Pin=IC2-51
Added Pin To Net: NetName=QSPI_CLK Pin=IC2-52
Added Pin To Net: NetName=QSPI_SD0 Pin=IC2-53
Added Pin To Net: NetName=QSPI_SD2 Pin=IC2-54
Added Pin To Net: NetName=QSPI_SD1 Pin=IC2-55
Added Pin To Net: NetName=QSPI_SS Pin=IC2-56
Added Pin To Net: NetName=GND Pin=IC2-57
Added Member To Class: ClassName=Sheet1 Member=Component C17 C2012X6S1C106K125AC
Added Member To Class: ClassName=Sheet1 Member=Component C18 C2012X6S1C106K125AC
Added Member To Class: ClassName=Sheet1 Member=Component IC2 RPI_Chip_RP2040-10-10
